c:\informacion\tesis\tesis\sistema 09 (01-12-98)\debug\proyecto.pch
c:\informacion\tesis\tesis\sistema 09 (01-12-98)\debug\vc120.pdb
c:\informacion\tesis\tesis\sistema 09 (01-12-98)\debug\vc120.idb
c:\informacion\tesis\tesis\sistema 09 (01-12-98)\debug\stdafx.obj
c:\informacion\tesis\tesis\sistema 09 (01-12-98)\debug\ptoperpendicular.obj
c:\informacion\tesis\tesis\sistema 09 (01-12-98)\debug\punto3d.obj
c:\informacion\tesis\tesis\sistema 09 (01-12-98)\debug\realizadorcalculo.obj
c:\informacion\tesis\tesis\sistema 09 (01-12-98)\debug\seleccionadora.obj
c:\informacion\tesis\tesis\sistema 09 (01-12-98)\debug\sistecuac.obj
c:\informacion\tesis\tesis\sistema 09 (01-12-98)\debug\splash.obj
c:\informacion\tesis\tesis\sistema 09 (01-12-98)\debug\tensor.obj
c:\informacion\tesis\tesis\sistema 09 (01-12-98)\debug\trigonom.obj
c:\informacion\tesis\tesis\sistema 09 (01-12-98)\debug\valordual.obj
c:\informacion\tesis\tesis\sistema 09 (01-12-98)\debug\objectsbox.obj
c:\informacion\tesis\tesis\sistema 09 (01-12-98)\debug\parametro.obj
c:\informacion\tesis\tesis\sistema 09 (01-12-98)\debug\parametrovariable.obj
c:\informacion\tesis\tesis\sistema 09 (01-12-98)\debug\preferenciaspageone.obj
c:\informacion\tesis\tesis\sistema 09 (01-12-98)\debug\preferenciaspagethree.obj
c:\informacion\tesis\tesis\sistema 09 (01-12-98)\debug\preferenciaspagetwo.obj
c:\informacion\tesis\tesis\sistema 09 (01-12-98)\debug\preferenciassheet.obj
c:\informacion\tesis\tesis\sistema 09 (01-12-98)\debug\progressdlg.obj
c:\informacion\tesis\tesis\sistema 09 (01-12-98)\debug\propiedadesdlg.obj
c:\informacion\tesis\tesis\sistema 09 (01-12-98)\debug\proyecto.obj
c:\informacion\tesis\tesis\sistema 09 (01-12-98)\debug\proyectodoc.obj
c:\informacion\tesis\tesis\sistema 09 (01-12-98)\debug\enlacepagethree.obj
c:\informacion\tesis\tesis\sistema 09 (01-12-98)\debug\enlacepagetwo.obj
c:\informacion\tesis\tesis\sistema 09 (01-12-98)\debug\enlacesheet.obj
c:\informacion\tesis\tesis\sistema 09 (01-12-98)\debug\iconosdlgbar.obj
c:\informacion\tesis\tesis\sistema 09 (01-12-98)\debug\interacccalculada.obj
c:\informacion\tesis\tesis\sistema 09 (01-12-98)\debug\interacccomponent.obj
c:\informacion\tesis\tesis\sistema 09 (01-12-98)\debug\interaccion.obj
c:\informacion\tesis\tesis\sistema 09 (01-12-98)\debug\interaccobservada.obj
c:\informacion\tesis\tesis\sistema 09 (01-12-98)\debug\mainbar.obj
c:\informacion\tesis\tesis\sistema 09 (01-12-98)\debug\mainfrm.obj
c:\informacion\tesis\tesis\sistema 09 (01-12-98)\debug\matriz.obj
c:\informacion\tesis\tesis\sistema 09 (01-12-98)\debug\3ddatapage.obj
c:\informacion\tesis\tesis\sistema 09 (01-12-98)\debug\3dtoolbar.obj
c:\informacion\tesis\tesis\sistema 09 (01-12-98)\debug\angulo.obj
c:\informacion\tesis\tesis\sistema 09 (01-12-98)\debug\angulopage.obj
c:\informacion\tesis\tesis\sistema 09 (01-12-98)\debug\angulosheet.obj
c:\informacion\tesis\tesis\sistema 09 (01-12-98)\debug\calculotensorespagedos.obj
c:\informacion\tesis\tesis\sistema 09 (01-12-98)\debug\calculotensorespageuno.obj
c:\informacion\tesis\tesis\sistema 09 (01-12-98)\debug\calculotensoressheet.obj
c:\informacion\tesis\tesis\sistema 09 (01-12-98)\debug\constructormolecula.obj
c:\informacion\tesis\tesis\sistema 09 (01-12-98)\debug\coordesf.obj
c:\informacion\tesis\tesis\sistema 09 (01-12-98)\debug\enlacepageone.obj
c:\informacion\tesis\tesis\sistema 09 (01-12-98)\debug\proyecto.tlb
c:\informacion\tesis\tesis\sistema 09 (01-12-98)\proyecto_i.c
c:\informacion\tesis\tesis\sistema 09 (01-12-98)\proyecto_h.h
c:\informacion\tesis\tesis\sistema 09 (01-12-98)\debug\proyecto.tlog\cl.command.1.tlog
c:\informacion\tesis\tesis\sistema 09 (01-12-98)\debug\proyecto.tlog\cl.read.1.tlog
c:\informacion\tesis\tesis\sistema 09 (01-12-98)\debug\proyecto.tlog\cl.write.1.tlog
c:\informacion\tesis\tesis\sistema 09 (01-12-98)\debug\proyecto.tlog\midl.command.1.tlog
c:\informacion\tesis\tesis\sistema 09 (01-12-98)\debug\proyecto.tlog\midl.read.1.tlog
c:\informacion\tesis\tesis\sistema 09 (01-12-98)\debug\proyecto.tlog\midl.write.1.tlog
