Microsoft (R) Help Compiler
HCRTF 4.03.0002
Copyright (c) Microsoft Corp 1990 - 1995. All rights reserved.
proyecto.hpj
    HC1010: Note: 
	The following mapped Topic IDs were not used in any topic:
	HID_WINDOW_CASCADE
	HID_ANILLOFENIL_ANGULOS_INTERNOS
	HIDD_RECTA
	HID_ANILLOFENIL_LADOS_INTERNOS
	AFX_HIDD_NEWTYPEDLG
	HID_TRIFENIL_BRAZO
	HID_SC_NEXTWINDOW
	HID_TRIFENIL_LADOS_INTERNOS
	HID_TRIFENIL_LADOS
	HID_TRIFENIL_ELIMINAR
	HIDD_ANGULO
	HID_OPCIONES_REPORTES_RESULTSFINAL
	HID_WINDOW_TILE_HORZ
	HID_WINDOW_TILE_VERT
	AFX_HIDP_GET_NOT_SUPPORTED
	HIDR_CHILDFRAME
	HIDD_LISTCTRL2
	HID_EDIT_REPEAT
	HID_RECORD_FIRST
	HID_EDIT_SELECT_ALL
	HID_EDIT_CLEAR
	HID_FILE_UPDATE
	AFX_HIDW_RESIZE_BAR
	AFX_HIDP_SQL_NO_DATA_FOUND
	AFX_HIDP_SQL_EMPTY_COLUMN_LIST
	HID_FILE_SEND_MAIL
	AFX_HIDP_SQL_ODBC_LOAD_FAILED
	HID_VIEW_AXIS
	AFX_HIDP_FAILED_TO_CREATE
	HID_BIFENIL_INFORMACION
	AFX_HIDD_BUSY
	AFX_HIDD_FIND
	AFX_HIDD_FONT
	HIDR_PROYECTYPE
	AFX_HIDP_ARCH_NONE
	HID_RECORD_LAST
	HID_RECORD_NEXT
	HID_RECORD_PREV
	HID_EDIT_FIND
	HID_EDIT_REDO
	HID_OPCIONES_CALCULO
	AFX_HIDD_OBJECTPROPERTIES
	AFX_HIDP_FILE_TOO_MANY_OPEN
	AFX_HIDP_FILE_ACCESS_DENIED
	HIDD_LIST
	HIDD_DIALOG1
	HID_FILE_SAVE_COPY_AS
	AFX_HIDD_CONVERT
	HID_SC_PREVWINDOW
	AFX_HIDP_ASK_TO_DISCARD
	HID_PCYLINDER
	AFX_HIDP_SQL_FIELD_SCHEMA_MISMATCH
	AFX_HIDP_SQL_LOCK_MODE_NOT_SUPPORTED
	HID_FORMAT_FONT
	AFX_HIDP_FILE_HARD_IO
	HIDP_OLE_INIT_FAILED
	AFX_HIDD_CHANGESOURCE
	HID_BIFENIL_EJEROTACION
	HIDD_ICONOS
	AFX_HIDP_FILE_NOT_FOUND
	AFX_HIDW_DOCKBAR_TOP
	HID_SC_TASKLIST
	AFX_HIDP_DAO_DFX_BIND
	AFX_HIDW_TOOLBAR
	AFX_HIDP_SQL_ODBC_V2_REQUIRED
	AFX_HIDP_SQL_NO_ROWS_AFFECTED
	HID_OLE_EDIT_CONVERT
	AFX_HIDP_SQL_SQL_CONFORMANCE
	HID_ARCHIVO_CERRAR
	AFX_HIDD_INSERTOBJECT
	HIDR_3DTOOLBAR
	HIDD_EJE
	AFX_HIDP_SQL_RECORDSET_READONLY
	AFX_HIDP_PARSE_RADIO_BUTTON
	HID_TRIFENIL_INFORMACION
	HID_TRIFENIL_ANGULOS_EXTERNOS
	HID_EDIT_PASTE_SPECIAL
	AFX_HIDP_DAO_ROWTOOSHORT
	AFX_HIDP_SQL_INCORRECT_ODBC
	AFX_HIDP_NO_ERROR_AVAILABLE
	HID_BIFENIL_ELIMINAR
	HID_OPCIONES_EJEDESIMETRA
	AFX_HIDW_DOCKBAR_BOTTOM
	HID_PREV_PANE
	HIDD_PROGRESS
	AFX_HIDP_FILE_DIR_FULL
	HIDR_BIFENIL
	AFX_HIDP_DAO_BADBINDINFO
	AFX_HIDP_SQL_UPDATE_DELETE_FAILED
	AFX_HIDP_PARSE_DATETIME
	HID_VIEW_TOOLBAR
	HID_OLE_EDIT_CHANGE_ICON
	AFX_HIDP_ARCH_ENDOFFILE
	AFX_HIDP_SQL_SQL_NO_TOTAL
	AFX_HIDP_SQL_CONNECT_FAIL
	AFX_HIDP_SQL_API_CONFORMANCE
	HID_OLE_EDIT_PROPERTIES
	AFX_HIDP_FILE_DISKFULL
	HIDD_INTERACCCOMPONENTS
	HID_BIFENIL_ANGULOS
	HID_ANILLOFENIL_INFORMACION
	AFX_HIDW_DOCKBAR_LEFT
	HID_TRIFENIL_EJEROTACION
	AFX_HIDP_FILE_REMOVE_CURRENT
	AFX_HIDP_ARCH_BADCLASS
	AFX_HIDP_SQL_NO_POSITIONED_UPDATES
	HID_OLE_VERB_1
	HID_OLE_VERB_1
	HID_OLE_VERB_1
	HID_OLE_VERB_1
	HID_OLE_VERB_1
	HID_OLE_VERB_1
	HID_OLE_VERB_1
	HID_OLE_VERB_1
	HID_OLE_VERB_1
	HID_OLE_VERB_1
	HID_OLE_VERB_1
	HID_OLE_VERB_1
	HID_OLE_VERB_1
	HID_OLE_VERB_1
	HID_OLE_VERB_1
	HID_OLE_VERB_1
	AFX_HIDP_ARCH_BADINDEX
	HID_ANILLOFENIL_ANGULOS_EXTERNOS
	HID_WIZBACK
	HID_WIZNEXT
	HID_OBJECTS_FIND
	HIDD_PROPIEDADES
	HID_WINDOW_SPLIT
	AFX_HIDP_PARSE_CURRENCY
	HID_ANILLOFENIL_LADOS_EXTERNOS
	AFX_HIDP_FILE_NONE
	HID_TRIFENIL_LADOS_EXTERNOS
	AFX_HIDP_FAILED_TO_CONVERT
	HID_PSPHERE
	AFX_HIDP_FILE_EOF
	AFX_HIDP_FILE_LOCKING
	AFX_HIDP_SQL_ILLEGAL_MODE
	AFX_HIDD_PREVIEW_TOOLBAR
	HID_WINDOW_ARRANGE
	AFX_HIDP_SQL_NO_CURRENT_RECORD
	AFX_HIDP_FILE_BAD_PATH
	AFX_HIDP_FILE_BAD_SEEK
	HID_ANILLOFENIL_EJEROTACION
	AFX_HIDP_SQL_ROW_UPDATE_NOT_SUPPORTED
	AFX_HIDP_FAILED_MAPI_LOAD
	AFX_HIDP_FAILED_MAPI_SEND
	HID_EDIT_REPLACE
	AFX_HIDP_FILE_SHARING
	HID_FILE_PRINT_DIRECT
	HID_FILE_ABRIR
	HID_FILE_CLOSE
	HID_FILE_NUEVO
	AFX_HIDP_SQL_DYNASET_NOT_SUPPORTED
	HIDD_INTERACC
	AFX_HIDP_SQL_ROW_FETCH
	HID_ANILLOFENIL_ELIMINAR
	AFX_HIDP_SET_NOT_SUPPORTED
	AFX_HIDD_CHANGEICON
	HIDD_ENLACEPAGE1
	HIDD_ENLACEPAGE2
	HIDD_ENLACEPAGE3
	AFX_HIDP_ARCH_BADSCHEMA
	HID_TRIFENIL_ANGULOS_ANGULOSENTRELOSLADOS
	AFX_HIDD_FILEBROWSE
	HIDD_PARAMETROPAGE1
	HIDD_PARAMETROPAGE2
	HID_WINDOW_ALL
	HID_WINDOW_NEW
	HIDR_ANILLOFENIL
	HID_BUTTON32865
	HID_BUTTON32870
	AFX_HIDD_EDITLINKS
	AFX_HIDP_SQL_DATA_TRUNCATED
	HID_WIZFINISH
	AFX_HIDP_INVALID_MAPI_DLL
	AFX_HIDD_PREVIEW_SHORTTOOLBAR
	AFX_HIDP_DAO_OBJECT_NOT_OPEN
	AFX_HIDP_ARCH_WRITEONLY
	HID_OLE_EDIT_LINKS
	HID_TRIFENIL_ANGULOS
	HID_TRIFENIL_ANGULOS_INTERNOS
	HIDR_TRIFENIL
	HID_ARCHIVO_PREPARARPAGINA
	AFX_HIDP_SQL_MULTIPLE_ROWS_AFFECTED
	AFX_HIDD_COLOR
	HID_EDIT_PASTE_LINK
	HID_NEXT_PANE
	AFX_HIDP_DAO_ENGINE_INITIALIZATION
	AFX_HIDW_DOCKBAR_FLOAT
	AFX_HIDW_DOCKBAR_RIGHT
	AFX_HIDP_PARSE_BYTE
	AFX_HIDP_PARSE_UINT
	AFX_HIDP_ARCH_GENERIC
	AFX_HIDP_SQL_SNAPSHOT_NOT_SUPPORTED
	AFX_HIDD_PASTESPECIAL
	AFX_HIDP_FILE_GENERIC
	AFX_HIDP_FILE_INVALID_FILE
	HID_EDIT_CLEAR_ALL
	AFX_HIDP_ARCH_READONLY
	HID_BIFENIL_LADOS
	AFX_HIDP_SQL_RECORDSET_FORWARD_ONLY
	HID_OLE_INSERT_NEW
	AFX_HIDP_SQL_DYNAMIC_CURSOR_NOT_SUPPORTED
	HID_TRIFENIL_ANGULOS_ANGULOSALEJEDEPROYECCION
	AFX_HIDP_DAO_COLUMNUNAVAILABLE
	AFX_HIDD_REPLACE
115	Topics
102	Jumps
141	Keywords
48	Bitmaps


Created C:\Migracion\DiscoD\Tesis\Sistema 09 (01-12-98)\hlp\Proyecto.HLP, 98,783 bytes
Bitmaps: 39,586 bytes
Hall+Zeck compression decreased help file by 39,889 bytes.
Compile time: 0 minutes, 5 seconds
1 note, 0 warnings
